d:\private\github\autocad object arx\autocadobjectarx\autodesk training\autodeskobjectarxtraining\utcsimplearxwraper\x64\debug\vc142.pdb
d:\private\github\autocad object arx\autocadobjectarx\autodesk training\autodeskobjectarxtraining\utcsimplearxwraper\x64\debug\.netframework,version=v4.7.2.assemblyattributes.obj
d:\private\github\autocad object arx\autocadobjectarx\autodesk training\autodeskobjectarxtraining\utcsimplearxwraper\x64\debug\stdafx.obj
d:\private\github\autocad object arx\autocadobjectarx\autodesk training\autodeskobjectarxtraining\utcsimplearxwraper\x64\debug\arxentrypoint.obj
d:\private\github\autocad object arx\autocadobjectarx\autodesk training\autodeskobjectarxtraining\x64\debug\accoremgd.dll
d:\private\github\autocad object arx\autocadobjectarx\autodesk training\autodeskobjectarxtraining\x64\debug\acdbmgd.dll
d:\private\github\autocad object arx\autocadobjectarx\autodesk training\autodeskobjectarxtraining\x64\debug\acmgd.dll
d:\private\github\autocad object arx\autocadobjectarx\autodesk training\autodeskobjectarxtraining\x64\debug\adwindows.dll
d:\private\github\autocad object arx\autocadobjectarx\autodesk training\autodeskobjectarxtraining\x64\debug\aduimgd.dll
d:\private\github\autocad object arx\autocadobjectarx\autodesk training\autodeskobjectarxtraining\x64\debug\actcmgd.dll
d:\private\github\autocad object arx\autocadobjectarx\autodesk training\autodeskobjectarxtraining\x64\debug\aduipalettes.dll
d:\private\github\autocad object arx\autocadobjectarx\autodesk training\autodeskobjectarxtraining\x64\debug\accui.dll
d:\private\github\autocad object arx\autocadobjectarx\autodesk training\autodeskobjectarxtraining\x64\debug\accoremgd.xml
d:\private\github\autocad object arx\autocadobjectarx\autodesk training\autodeskobjectarxtraining\x64\debug\acdbmgd.xml
d:\private\github\autocad object arx\autocadobjectarx\autodesk training\autodeskobjectarxtraining\x64\debug\acmgd.xml
d:\private\github\autocad object arx\autocadobjectarx\autodesk training\autodeskobjectarxtraining\x64\debug\adwindows.xml
d:\private\github\autocad object arx\autocadobjectarx\autodesk training\autodeskobjectarxtraining\x64\debug\aduimgd.xml
d:\private\github\autocad object arx\autocadobjectarx\autodesk training\autodeskobjectarxtraining\x64\debug\actcmgd.xml
d:\private\github\autocad object arx\autocadobjectarx\autodesk training\autodeskobjectarxtraining\x64\debug\aduipalettes.xml
d:\private\github\autocad object arx\autocadobjectarx\autodesk training\autodeskobjectarxtraining\x64\debug\accui.xml
d:\private\github\autocad object arx\autocadobjectarx\autodesk training\autodeskobjectarxtraining\utcsimplearxwraper\x64\debug\utcsimplearxwraper.vcxproj.assemblyreference.cache
d:\private\github\autocad object arx\autocadobjectarx\autodesk training\autodeskobjectarxtraining\utcsimplearxwraper\x64\debug\utcsimpl.e768cd6e.tlog\cl.command.1.tlog
d:\private\github\autocad object arx\autocadobjectarx\autodesk training\autodeskobjectarxtraining\utcsimplearxwraper\x64\debug\utcsimpl.e768cd6e.tlog\cl.read.1.tlog
d:\private\github\autocad object arx\autocadobjectarx\autodesk training\autodeskobjectarxtraining\utcsimplearxwraper\x64\debug\utcsimpl.e768cd6e.tlog\cl.write.1.tlog
d:\private\github\autocad object arx\autocadobjectarx\autodesk training\autodeskobjectarxtraining\utcsimplearxwraper\x64\debug\utcsimpl.e768cd6e.tlog\copylocal.read.1u.tlog
d:\private\github\autocad object arx\autocadobjectarx\autodesk training\autodeskobjectarxtraining\utcsimplearxwraper\x64\debug\utcsimpl.e768cd6e.tlog\copylocal.write.1u.tlog
d:\private\github\autocad object arx\autocadobjectarx\autodesk training\autodeskobjectarxtraining\utcsimplearxwraper\x64\debug\utcsimpl.e768cd6e.tlog\metagen.write.1.tlog
